<?xml version="1.0" encoding="utf-8"?><testsuites name="pytest tests"><testsuite name="pytest" errors="0" failures="0" skipped="0" tests="9" time="1.453" timestamp="2026-05-02T13:59:10.354258+00:00" hostname="agent-env-29006518-446c-4a81-8a4e-6f51446d0c50"><testcase classname="backend.tests.test_appointments.TestRoot" name="test_api_root" time="0.179" /><testcase classname="backend.tests.test_appointments.TestAppointmentsCreate" name="test_create_valid_minimal" time="0.171" /><testcase classname="backend.tests.test_appointments.TestAppointmentsCreate" name="test_create_valid_full" time="0.154" /><testcase classname="backend.tests.test_appointments.TestAppointmentsCreate" name="test_reject_empty_name" time="0.102" /><testcase classname="backend.tests.test_appointments.TestAppointmentsCreate" name="test_reject_whitespace_name" time="0.145" /><testcase classname="backend.tests.test_appointments.TestAppointmentsCreate" name="test_reject_short_phone" time="0.169" /><testcase classname="backend.tests.test_appointments.TestAppointmentsCreate" name="test_reject_non_digit_short_phone" time="0.137" /><testcase classname="backend.tests.test_appointments.TestAppointmentsCreate" name="test_reject_missing_fields" time="0.096" /><testcase classname="backend.tests.test_appointments.TestAppointmentsList" name="test_list_returns_list_no_objectid_sorted" time="0.152" /></testsuite></testsuites>